::1 - - [18/Oct/2023:13:27:29 +0000] "POST /api/v1/admin/login HTTP/1.1" 200 552 "-" "PostmanRuntime/7.29.3"
::1 - - [18/Oct/2023:13:29:31 +0000] "POST /api/v1/admin/login HTTP/1.1" 200 552 "-" "PostmanRuntime/7.29.3"
::1 - - [18/Oct/2023:13:29:48 +0000] "GET /api/v1/admin/banners?reqData=U2FsdGVkX19/Gsi8vRtLdOv9XcLNgP//TwxIxlDB55CtVIcQsLjDQWrowSn3t6iRWyW0HeJIeW3N2z+hhbgkAV1Rb62paP8pkUQ8j6unoxReWM+IdhhklvLLZo8iJYq0Kpcy6jU3PGXHLzk/4Sj1QJF0+KGX4BY3DLGiyokpHrqqnOocKNZoszZubUqRgHkOS8b9abkoijLYQFpRx7Y6CSH60isneQWnSGh4xNnKM+fgRZI5m12PU7UFwSdTmp5zTlTn1lJRIcc5KgxNdkHoANyHXWT0C1xahLJ7ty0cigMtNZJ5ONFf2SZEUBInnSSkj1t6caKtA9z/2Yl3aAtxod7xihsLtcB9wTqWTrQS9QBqO3W2lLraZnVZt+Bpy2yfZaT1eATvfCdeyEdKOxE+xUgL3PyivhGXSXkqjIs07Hi9eGcQaxEQ+FTxJqf3pBBeRCygx2YzGaySOOviC6iHSWoGJJ+2b37ZMbF5uYSke0bwoKKJdUjzkw2mk8KK4PbQ HTTP/1.1" 200 41 "-" "PostmanRuntime/7.29.3"
::1 - - [18/Oct/2023:13:30:16 +0000] "POST /api/v1/admin/banners-create HTTP/1.1" 200 41 "-" "PostmanRuntime/7.29.3"
    ::1 - - [18/Oct/2023:13:38:58 +0000] "POST /api/v1/admin/login HTTP/1.1" 200 552 "-" "PostmanRuntime/7.29.3"
::1 - - [18/Oct/2023:13:39:11 +0000] "POST /api/v1/admin/login HTTP/1.1" 200 84 "-" "PostmanRuntime/7.29.3"
::1 - - [18/Oct/2023:13:39:29 +0000] "POST /api/v1/admin/login HTTP/1.1" 200 84 "-" "PostmanRuntime/7.29.3"
::1 - - [18/Oct/2023:13:39:42 +0000] "POST /api/v1/admin/login HTTP/1.1" 200 84 "-" "PostmanRuntime/7.29.3"
::1 - - [18/Oct/2023:13:40:58 +0000] "POST /api/v1/admin/login HTTP/1.1" 200 552 "-" "PostmanRuntime/7.29.3"
::1 - - [18/Oct/2023:13:56:34 +0000] "POST /api/v1/admin/login HTTP/1.1" 200 85 "-" "PostmanRuntime/7.29.3"
::1 - - [18/Oct/2023:14:04:05 +0000] "POST /api/v1/admin/login HTTP/1.1" 200 85 "-" "PostmanRuntime/7.29.3"
::1 - - [18/Oct/2023:14:04:40 +0000] "POST /api/v1/admin/login HTTP/1.1" 200 85 "-" "PostmanRuntime/7.29.3"
::1 - - [18/Oct/2023:14:06:05 +0000] "POST /api/v1/admin/login HTTP/1.1" 200 85 "-" "PostmanRuntime/7.29.3"
::1 - - [18/Oct/2023:14:07:36 +0000] "POST /api/v1/admin/login HTTP/1.1" 200 85 "-" "PostmanRuntime/7.29.3"
::1 - - [18/Oct/2023:14:08:11 +0000] "POST /api/v1/admin/login HTTP/1.1" 200 85 "-" "PostmanRuntime/7.29.3"
::1 - - [18/Oct/2023:14:08:52 +0000] "POST /api/v1/admin/login HTTP/1.1" 200 85 "-" "PostmanRuntime/7.29.3"
::1 - - [18/Oct/2023:14:10:42 +0000] "POST /api/v1/admin/login HTTP/1.1" 200 85 "-" "PostmanRuntime/7.29.3"
::1 - - [18/Oct/2023:14:11:34 +0000] "POST /api/v1/admin/login HTTP/1.1" 200 85 "-" "PostmanRuntime/7.29.3"
::1 - - [18/Oct/2023:14:12:00 +0000] "POST /api/v1/admin/login HTTP/1.1" 200 85 "-" "PostmanRuntime/7.29.3"
::1 - - [18/Oct/2023:14:12:14 +0000] "POST /api/v1/admin/login HTTP/1.1" 200 85 "-" "PostmanRuntime/7.29.3"
::1 - - [18/Oct/2023:14:17:56 +0000] "POST /api/v1/admin/login HTTP/1.1" - - "-" "PostmanRuntime/7.29.3"
::1 - - [18/Oct/2023:14:19:05 +0000] "POST /api/v1/admin/login HTTP/1.1" 200 85 "-" "PostmanRuntime/7.29.3"
::1 - - [18/Oct/2023:14:20:44 +0000] "POST /api/v1/admin/login HTTP/1.1" 200 85 "-" "PostmanRuntime/7.29.3"
::1 - - [19/Oct/2023:00:41:31 +0000] "GET /api/migration/create-table HTTP/1.1" 200 42 "-" "PostmanRuntime/7.29.3"
::ffff:127.0.0.1 - - [19/Oct/2023:00:42:15 +0000] "GET /api/migration/alter-table HTTP/1.1" 200 42 "-" "curl/7.68.0"
::1 - - [19/Oct/2023:00:42:31 +0000] "GET /api/migration/admin-user HTTP/1.1" 200 42 "-" "PostmanRuntime/7.29.3"
::ffff:127.0.0.1 - - [19/Oct/2023:00:48:58 +0000] "GET /api/migration/admin-user HTTP/1.1" 200 42 "-" "curl/7.68.0"
::1 - - [19/Oct/2023:00:54:49 +0000] "GET /api/migration/addons HTTP/1.1" 200 69 "-" "PostmanRuntime/7.29.3"
::1 - - [19/Oct/2023:00:55:09 +0000] "GET /api/migration/addons HTTP/1.1" 200 71 "-" "PostmanRuntime/7.29.3"
::1 - - [19/Oct/2023:00:57:14 +0000] "GET /api/migration/addons HTTP/1.1" 200 71 "-" "PostmanRuntime/7.29.3"
::1 - - [19/Oct/2023:00:57:15 +0000] "GET /api/migration/addons HTTP/1.1" 200 71 "-" "PostmanRuntime/7.29.3"
::1 - - [19/Oct/2023:00:58:03 +0000] "GET /api/migration/addons HTTP/1.1" 200 68 "-" "PostmanRuntime/7.29.3"
::1 - - [19/Oct/2023:00:58:36 +0000] "GET /api/migration/addons HTTP/1.1" 200 69 "-" "PostmanRuntime/7.29.3"
::1 - - [19/Oct/2023:01:03:22 +0000] "GET /api/migration/alter-table HTTP/1.1" 200 53 "-" "PostmanRuntime/7.29.3"
::1 - - [19/Oct/2023:01:03:26 +0000] "GET /api/migration/alter-table HTTP/1.1" 200 53 "-" "PostmanRuntime/7.29.3"
::1 - - [19/Oct/2023:01:05:15 +0000] "GET /api/migration/alter-table HTTP/1.1" 200 53 "-" "PostmanRuntime/7.29.3"
::1 - - [19/Oct/2023:01:06:07 +0000] "GET /api/migration/alter-table HTTP/1.1" - - "-" "PostmanRuntime/7.29.3"
::1 - - [19/Oct/2023:01:06:39 +0000] "GET /api/migration/alter-table HTTP/1.1" 200 47 "-" "PostmanRuntime/7.29.3"
::1 - - [19/Oct/2023:01:07:00 +0000] "GET /api/migration/alter-table HTTP/1.1" 200 42 "-" "PostmanRuntime/7.29.3"
::1 - - [19/Oct/2023:01:07:13 +0000] "GET /api/migration/alter-table HTTP/1.1" 200 41 "-" "PostmanRuntime/7.29.3"
::1 - - [19/Oct/2023:01:08:00 +0000] "GET /api/migration/alter-table HTTP/1.1" 200 59 "-" "PostmanRuntime/7.29.3"
::1 - - [19/Oct/2023:01:08:49 +0000] "GET /api/migration/alter-table HTTP/1.1" 200 96 "-" "PostmanRuntime/7.29.3"
::1 - - [19/Oct/2023:01:09:47 +0000] "GET /api/migration/alter-table HTTP/1.1" 200 96 "-" "PostmanRuntime/7.29.3"
::1 - - [19/Oct/2023:01:09:49 +0000] "GET /api/migration/alter-table HTTP/1.1" 200 96 "-" "PostmanRuntime/7.29.3"
::1 - - [19/Oct/2023:01:11:45 +0000] "GET /api/migration/alter-table HTTP/1.1" 200 237 "-" "PostmanRuntime/7.29.3"
::1 - - [19/Oct/2023:01:12:02 +0000] "GET /api/migration/alter-table HTTP/1.1" 200 96 "-" "PostmanRuntime/7.29.3"
::1 - - [19/Oct/2023:01:14:13 +0000] "GET /api/migration/alter-table HTTP/1.1" 200 42 "-" "PostmanRuntime/7.29.3"
::1 - - [19/Oct/2023:01:14:16 +0000] "GET /api/migration/alter-table HTTP/1.1" 200 42 "-" "PostmanRuntime/7.29.3"
::1 - - [19/Oct/2023:01:14:25 +0000] "GET /api/migration/addons HTTP/1.1" 200 73 "-" "PostmanRuntime/7.29.3"
::1 - - [19/Oct/2023:01:15:35 +0000] "GET /api/migration/addons HTTP/1.1" 200 73 "-" "PostmanRuntime/7.29.3"
::1 - - [19/Oct/2023:01:15:37 +0000] "GET /api/migration/addons HTTP/1.1" 200 73 "-" "PostmanRuntime/7.29.3"
::1 - - [19/Oct/2023:01:19:13 +0000] "GET /api/migration/addons HTTP/1.1" 200 60 "-" "PostmanRuntime/7.29.3"
::1 - - [19/Oct/2023:01:19:30 +0000] "GET /api/migration/addons HTTP/1.1" 200 60 "-" "PostmanRuntime/7.29.3"
::1 - - [19/Oct/2023:01:21:46 +0000] "GET /api/migration/addons HTTP/1.1" 200 42 "-" "PostmanRuntime/7.29.3"
::1 - - [19/Oct/2023:01:22:54 +0000] "GET /api/migration/addons HTTP/1.1" 200 60 "-" "PostmanRuntime/7.29.3"
::1 - - [19/Oct/2023:01:23:12 +0000] "GET /api/migration/addons HTTP/1.1" 200 59 "-" "PostmanRuntime/7.29.3"
::1 - - [19/Oct/2023:01:23:55 +0000] "GET /api/migration/addons HTTP/1.1" 200 59 "-" "PostmanRuntime/7.29.3"
::1 - - [19/Oct/2023:01:24:12 +0000] "GET /api/migration/addons HTTP/1.1" 200 59 "-" "PostmanRuntime/7.29.3"
::1 - - [19/Oct/2023:01:24:43 +0000] "GET /api/migration/addons HTTP/1.1" 200 61 "-" "PostmanRuntime/7.29.3"
::1 - - [19/Oct/2023:01:26:01 +0000] "GET /api/migration/addons HTTP/1.1" 200 42 "-" "PostmanRuntime/7.29.3"
::1 - - [19/Oct/2023:01:32:58 +0000] "GET /api/migration/billing-course HTTP/1.1" 200 68 "-" "PostmanRuntime/7.29.3"
::1 - - [19/Oct/2023:01:43:02 +0000] "GET /api/migration/course-lecture HTTP/1.1" 200 42 "-" "PostmanRuntime/7.29.3"
::1 - - [19/Oct/2023:01:54:25 +0000] "GET /api/migration/course-live-lecture HTTP/1.1" 200 99 "-" "PostmanRuntime/7.29.3"
::1 - - [19/Oct/2023:01:55:31 +0000] "GET /api/migration/course-live-lecture HTTP/1.1" 200 99 "-" "PostmanRuntime/7.29.3"
::1 - - [19/Oct/2023:01:56:20 +0000] "GET /api/migration/course-live-lecture HTTP/1.1" 200 99 "-" "PostmanRuntime/7.29.3"
::1 - - [19/Oct/2023:01:57:04 +0000] "GET /api/migration/course-live-lecture HTTP/1.1" 200 99 "-" "PostmanRuntime/7.29.3"
::1 - - [19/Oct/2023:01:57:33 +0000] "GET /api/migration/course-live-lecture HTTP/1.1" 200 99 "-" "PostmanRuntime/7.29.3"
::1 - - [19/Oct/2023:01:57:58 +0000] "GET /api/migration/course-live-lecture HTTP/1.1" 200 99 "-" "PostmanRuntime/7.29.3"
::1 - - [19/Oct/2023:01:59:55 +0000] "GET /api/migration/course-live-lecture HTTP/1.1" 200 42 "-" "PostmanRuntime/7.29.3"
::1 - - [19/Oct/2023:02:01:04 +0000] "GET /api/migration/course-live-lecture HTTP/1.1" 200 42 "-" "PostmanRuntime/7.29.3"
::1 - - [19/Oct/2023:02:01:39 +0000] "GET /api/migration/course-test HTTP/1.1" 200 68 "-" "PostmanRuntime/7.29.3"
::1 - - [19/Oct/2023:02:02:40 +0000] "GET /api/migration/course-test HTTP/1.1" 200 106 "-" "PostmanRuntime/7.29.3"
::1 - - [19/Oct/2023:02:03:44 +0000] "GET /api/migration/course-test HTTP/1.1" 200 106 "-" "PostmanRuntime/7.29.3"
::1 - - [19/Oct/2023:02:04:15 +0000] "GET /api/migration/course-test HTTP/1.1" 200 106 "-" "PostmanRuntime/7.29.3"
::1 - - [19/Oct/2023:02:05:49 +0000] "GET /api/migration/course-test HTTP/1.1" 200 106 "-" "PostmanRuntime/7.29.3"
::1 - - [19/Oct/2023:02:06:36 +0000] "GET /api/migration/course-test HTTP/1.1" 200 106 "-" "PostmanRuntime/7.29.3"
::1 - - [19/Oct/2023:02:07:53 +0000] "GET /api/migration/course-test HTTP/1.1" 200 106 "-" "PostmanRuntime/7.29.3"
::1 - - [19/Oct/2023:02:09:39 +0000] "GET /api/migration/course-test HTTP/1.1" 200 106 "-" "PostmanRuntime/7.29.3"
::1 - - [19/Oct/2023:02:11:22 +0000] "GET /api/migration/course-test HTTP/1.1" 200 106 "-" "PostmanRuntime/7.29.3"
::1 - - [19/Oct/2023:02:12:13 +0000] "GET /api/migration/course-test HTTP/1.1" 200 106 "-" "PostmanRuntime/7.29.3"
::1 - - [19/Oct/2023:02:14:41 +0000] "GET /api/migration/course-test HTTP/1.1" 200 42 "-" "PostmanRuntime/7.29.3"
::1 - - [19/Oct/2023:02:20:55 +0000] "GET /api/migration/section-test HTTP/1.1" 200 42 "-" "PostmanRuntime/7.29.3"
::1 - - [19/Oct/2023:02:22:04 +0000] "GET /api/migration/course-category HTTP/1.1" 200 73 "-" "PostmanRuntime/7.29.3"
::1 - - [19/Oct/2023:02:22:56 +0000] "GET /api/migration/course-category HTTP/1.1" 200 42 "-" "PostmanRuntime/7.29.3"
::1 - - [19/Oct/2023:02:24:04 +0000] "GET /api/migration/exceptionsl-lecture HTTP/1.1" 200 117 "-" "PostmanRuntime/7.29.3"
::1 - - [19/Oct/2023:02:26:19 +0000] "GET /api/migration/group-meeting HTTP/1.1" 200 42 "-" "PostmanRuntime/7.29.3"
::1 - - [19/Oct/2023:02:29:06 +0000] "GET /api/migration/course-live-channels HTTP/1.1" 200 42 "-" "PostmanRuntime/7.29.3"
::1 - - [19/Oct/2023:02:32:06 +0000] "GET /api/migration/teacher-subject HTTP/1.1" 200 60 "-" "PostmanRuntime/7.29.3"
::1 - - [19/Oct/2023:02:34:15 +0000] "GET /api/migration/teacher-subject HTTP/1.1" 200 74 "-" "PostmanRuntime/7.29.3"
::1 - - [19/Oct/2023:02:36:24 +0000] "GET /api/migration/teacher-subject HTTP/1.1" 200 53 "-" "PostmanRuntime/7.29.3"
::1 - - [19/Oct/2023:02:36:58 +0000] "GET /api/migration/teacher-subject HTTP/1.1" 200 42 "-" "PostmanRuntime/7.29.3"
::1 - - [19/Oct/2023:02:39:44 +0000] "GET /api/migration/test-discussion-video HTTP/1.1" 200 42 "-" "PostmanRuntime/7.29.3"
::1 - - [19/Oct/2023:02:44:57 +0000] "GET /api/migration/billing-transection?api_key= HTTP/1.1" 200 47 "-" "PostmanRuntime/7.29.3"
::1 - - [19/Oct/2023:02:45:13 +0000] "GET /api/migration/billing-transection?api_key=qaw8AxBFDXzJLbhMJyTOmkoFGLlagVUY HTTP/1.1" 200 42 "-" "PostmanRuntime/7.29.3"
::1 - - [20/Oct/2023:07:32:36 +0000] "POST /api/v1/client/rc-course-purchase HTTP/1.1" 200 42 "-" "PostmanRuntime/7.29.3"
::1 - - [20/Oct/2023:07:33:55 +0000] "POST /api/v1/client/rc-course-purchase HTTP/1.1" 200 42 "-" "PostmanRuntime/7.29.3"
::1 - - [20/Oct/2023:09:21:12 +0000] "POST /api/v1/client/rc-course-purchase HTTP/1.1" 200 66 "-" "PostmanRuntime/7.29.3"
::1 - - [20/Oct/2023:09:21:13 +0000] "POST /api/v1/client/rc-course-purchase HTTP/1.1" 200 66 "-" "PostmanRuntime/7.29.3"
::1 - - [20/Oct/2023:09:21:15 +0000] "POST /api/v1/client/rc-course-purchase HTTP/1.1" 200 66 "-" "PostmanRuntime/7.29.3"
::1 - - [20/Oct/2023:09:22:56 +0000] "POST /api/v1/client/rc-course-purchase HTTP/1.1" 200 66 "-" "PostmanRuntime/7.29.3"
::1 - - [20/Oct/2023:09:23:15 +0000] "POST /api/v1/client/rc-course-purchase HTTP/1.1" 200 56 "-" "PostmanRuntime/7.29.3"
::1 - - [20/Oct/2023:09:23:24 +0000] "POST /api/v1/client/rc-course-purchase HTTP/1.1" 200 56 "-" "PostmanRuntime/7.29.3"
::1 - - [20/Oct/2023:09:23:26 +0000] "POST /api/v1/client/rc-course-purchase HTTP/1.1" 200 56 "-" "PostmanRuntime/7.29.3"
::1 - - [20/Oct/2023:09:23:34 +0000] "POST /api/v1/client/rc-course-purchase HTTP/1.1" 200 42 "-" "PostmanRuntime/7.29.3"
::1 - - [20/Oct/2023:09:23:36 +0000] "POST /api/v1/client/rc-course-purchase HTTP/1.1" 200 42 "-" "PostmanRuntime/7.29.3"
::1 - - [20/Oct/2023:09:23:37 +0000] "POST /api/v1/client/rc-course-purchase HTTP/1.1" 200 42 "-" "PostmanRuntime/7.29.3"
::1 - - [20/Oct/2023:09:23:38 +0000] "POST /api/v1/client/rc-course-purchase HTTP/1.1" 200 42 "-" "PostmanRuntime/7.29.3"
::1 - - [20/Oct/2023:09:23:45 +0000] "POST /api/v1/client/rc-course-purchase HTTP/1.1" 200 42 "-" "PostmanRuntime/7.29.3"
::1 - - [20/Oct/2023:09:23:46 +0000] "POST /api/v1/client/rc-course-purchase HTTP/1.1" 200 42 "-" "PostmanRuntime/7.29.3"
::1 - - [20/Oct/2023:09:23:50 +0000] "POST /api/v1/client/rc-course-purchase HTTP/1.1" 200 56 "-" "PostmanRuntime/7.29.3"
::1 - - [20/Oct/2023:09:23:52 +0000] "POST /api/v1/client/rc-course-purchase HTTP/1.1" 200 56 "-" "PostmanRuntime/7.29.3"
::1 - - [20/Oct/2023:09:23:53 +0000] "POST /api/v1/client/rc-course-purchase HTTP/1.1" 200 56 "-" "PostmanRuntime/7.29.3"
::1 - - [20/Oct/2023:09:26:00 +0000] "POST /api/v1/client/rc-course-purchase HTTP/1.1" 200 42 "-" "PostmanRuntime/7.29.3"
::1 - - [20/Oct/2023:09:26:06 +0000] "POST /api/v1/client/rc-course-purchase HTTP/1.1" 200 56 "-" "PostmanRuntime/7.29.3"
::1 - - [20/Oct/2023:09:26:17 +0000] "POST /api/v1/client/rc-course-purchase HTTP/1.1" 200 42 "-" "PostmanRuntime/7.29.3"
::1 - - [20/Oct/2023:10:11:37 +0000] "POST /api/v1/common/decryption HTTP/1.1" 200 227 "-" "PostmanRuntime/7.29.3"
::1 - - [20/Oct/2023:10:17:51 +0000] "POST /api/v1/common/decryption HTTP/1.1" 200 73 "-" "PostmanRuntime/7.29.3"
